Using pre-set license
Built from '2020.3/release' branch; Version is '2020.3.12f1 (b3b2c6512326) revision 11776710'; Using compiler version '192528614'; Build Type 'Release'
OS: 'Windows 10 Pro; OS build 19043.1110; Version 2009; 64bit' Language: 'pl' Physical Memory: 16367 MB
BatchMode: 1, IsHumanControllingUs: 0, StartBugReporterOnCrash: 0, Is64bit: 1, IsPro: 0

 COMMAND LINE ARGUMENTS:
C:\Program Files\Unity\Hub\Editor\2020.3.12f1\Editor\Unity.exe
-adb2
-batchMode
-noUpm
-name
AssetImportWorker0
-projectPath
H:/PracaInz/Defer/Defer
-logFile
Logs/AssetImportWorker0.log
-srvPort
62599
Successfully changed project path to: H:/PracaInz/Defer/Defer
H:/PracaInz/Defer/Defer
Using Asset Import Pipeline V2.
Refreshing native plugins compatible for Editor in 47.90 ms, found 2 plugins.
Preloading 0 native plugins for Editor in 0.00 ms.
Initialize engine version: 2020.3.12f1 (b3b2c6512326)
[Subsystems] Discovering subsystems at path C:/Program Files/Unity/Hub/Editor/2020.3.12f1/Editor/Data/Resources/UnitySubsystems
[Subsystems] Discovering subsystems at path H:/PracaInz/Defer/Defer/Assets
GfxDevice: creating device client; threaded=0
Direct3D:
    Version:  Direct3D 11.0 [level 11.1]
    Renderer: Radeon RX 580 Series (ID=0x67df)
    Vendor:   
    VRAM:     8171 MB
    Driver:   27.20.22017.1004
Initialize mono
Mono path[0] = 'C:/Program Files/Unity/Hub/Editor/2020.3.12f1/Editor/Data/Managed'
Mono path[1] = 'C:/Program Files/Unity/Hub/Editor/2020.3.12f1/Editor/Data/MonoBleedingEdge/lib/mono/unityjit'
Mono config path = 'C:/Program Files/Unity/Hub/Editor/2020.3.12f1/Editor/Data/MonoBleedingEdge/etc'
Using monoOptions --debugger-agent=transport=dt_socket,embedding=1,server=y,suspend=n,address=127.0.0.1:56596
Begin MonoManager ReloadAssembly
Registering precompiled unity dll's ...
Register platform support module: C:/Program Files/Unity/Hub/Editor/2020.3.12f1/Editor/Data/PlaybackEngines/WindowsStandaloneSupport/UnityEditor.WindowsStandalone.Extensions.dll
Registered in 0.002742 seconds.
Native extension for WindowsStandalone target not found
Refreshing native plugins compatible for Editor in 44.21 ms, found 2 plugins.
Preloading 0 native plugins for Editor in 0.00 ms.
Mono: successfully reloaded assembly
- Completed reload, in  2.590 seconds
Platform modules already initialized, skipping
Registering precompiled user dll's ...
Registered in 0.003765 seconds.
Begin MonoManager ReloadAssembly
Native extension for WindowsStandalone target not found
Refreshing native plugins compatible for Editor in 0.57 ms, found 2 plugins.
Preloading 0 native plugins for Editor in 0.00 ms.
Mono: successfully reloaded assembly
- Completed reload, in  1.354 seconds
Platform modules already initialized, skipping
========================================================================
Worker process is ready to serve import requests
Launched and connected shader compiler UnityShaderCompiler.exe after 0.05 seconds
Refreshing native plugins compatible for Editor in 0.57 ms, found 2 plugins.
Preloading 0 native plugins for Editor in 0.00 ms.
Unloading 1504 Unused Serialized files (Serialized files now loaded: 0)
System memory in use before: 67.9 MB.
System memory in use after: 68.0 MB.

Unloading 31 unused Assets to reduce memory usage. Loaded Objects now: 1926.
Total: 2.422700 ms (FindLiveObjects: 0.200200 ms CreateObjectMapping: 0.106100 ms MarkObjects: 2.022400 ms  DeleteObjects: 0.092800 ms)

AssetImportParameters requested are different than current active one (requested -> active):
  custom:framework-win-MediaFoundation: 216162199b28c13a410421893ffa2e32 -> 
  custom:video-decoder-ogg-theora: a1e56fd34408186e4bbccfd4996cb3dc -> 
  custom:container-muxer-webm: aa71ff27fc2769a1b78a27578f13a17b -> 
  custom:container-demuxer-webm: 4f35f7cbe854078d1ac9338744f61a02 -> 
  custom:container-demuxer-ogg: 62fdf1f143b41e24485cea50d1cbac27 -> 
  custom:video-encoder-webm-vp8: eb34c28f22e8b96e1ab97ce403110664 -> 
  custom:video-decoder-webm-vp8: 9c59270c3fd7afecdb556c50c9e8de78 -> 
  custom:audio-decoder-ogg-vorbis: bf7c407c2cedff20999df2af8eb42d56 -> 
  custom:audio-encoder-webm-vorbis: bf7c407c2cedff20999df2af8eb42d56 -> 
========================================================================
Received Import Request.
  path: Assets/Collection.unity
  artifactKey: Guid(07fc48444540fe440ba3e7bdee681bb7) Importer(815301076,1909f56bfc062723c751e8b465ee728b)
Start importing Assets/Collection.unity using Guid(07fc48444540fe440ba3e7bdee681bb7) Importer(815301076,1909f56bfc062723c751e8b465ee728b)  -> (artifact id: '4971b6b772f0dfdff0766b341a9d0e78') in 0.018618 seconds 
  Import took 0.022522 seconds .

========================================================================
Received Import Request.
  Time since last request: 0.000306 seconds.
  path: Assets/Defer.unity
  artifactKey: Guid(ace4d85e95a87c04cbff58143259754d) Importer(815301076,1909f56bfc062723c751e8b465ee728b)
Start importing Assets/Defer.unity using Guid(ace4d85e95a87c04cbff58143259754d) Importer(815301076,1909f56bfc062723c751e8b465ee728b)  -> (artifact id: 'e4d57da60f7e46a20ecfb99e19f4d29c') in 0.007522 seconds 
  Import took 0.010977 seconds .

========================================================================
Received Import Request.
  Time since last request: 1959.373210 seconds.
  path: Assets/Resources/1.png
  artifactKey: Guid(7ed1a9890515a0942b6893625230946d) Importer(815301076,1909f56bfc062723c751e8b465ee728b)
Start importing Assets/Resources/1.png using Guid(7ed1a9890515a0942b6893625230946d) Importer(815301076,1909f56bfc062723c751e8b465ee728b)  -> (artifact id: '05340a58355649b21d9deb82c33fd871') in 0.539456 seconds 
  Import took 0.548295 seconds .

========================================================================
Received Import Request.
  Time since last request: 0.000247 seconds.
  path: Assets/Resources/ManaCrystal.png
  artifactKey: Guid(88c08b96552c1194b9a4f825701b70b7) Importer(815301076,1909f56bfc062723c751e8b465ee728b)
Start importing Assets/Resources/ManaCrystal.png using Guid(88c08b96552c1194b9a4f825701b70b7) Importer(815301076,1909f56bfc062723c751e8b465ee728b)  -> (artifact id: '77671d1396d43bcabb15e375e2d88a4b') in 0.185075 seconds 
  Import took 0.188449 seconds .

========================================================================
Received Import Request.
  Time since last request: 0.000414 seconds.
  path: Assets/Resources/Circle.png
  artifactKey: Guid(3770bbc60d627384aa0e24cbbd8e8d4c) Importer(815301076,1909f56bfc062723c751e8b465ee728b)
Start importing Assets/Resources/Circle.png using Guid(3770bbc60d627384aa0e24cbbd8e8d4c) Importer(815301076,1909f56bfc062723c751e8b465ee728b)  -> (artifact id: 'd8de8fafdf9f5f2ba9adc6fe3e51cda3') in 0.070237 seconds 
  Import took 0.083296 seconds .

========================================================================
Received Import Request.
  Time since last request: 0.000289 seconds.
  path: Assets/Resources/CardBack.png
  artifactKey: Guid(f2dd691343134844181626101cfd3cce) Importer(815301076,1909f56bfc062723c751e8b465ee728b)
Start importing Assets/Resources/CardBack.png using Guid(f2dd691343134844181626101cfd3cce) Importer(815301076,1909f56bfc062723c751e8b465ee728b)  -> (artifact id: 'a5938754edbf7025cd04f30cb206854a') in 0.184762 seconds 
  Import took 0.192845 seconds .

========================================================================
Received Import Request.
  Time since last request: 0.000873 seconds.
  path: Assets/Resources/CardBackPNG2.png
  artifactKey: Guid(d5da6671f629a13468477aeefd9d529b) Importer(815301076,1909f56bfc062723c751e8b465ee728b)
Start importing Assets/Resources/CardBackPNG2.png using Guid(d5da6671f629a13468477aeefd9d529b) Importer(815301076,1909f56bfc062723c751e8b465ee728b)  -> (artifact id: '92bbed64cbb392a35dbd389c2ccac878') in 0.190528 seconds 
  Import took 0.235428 seconds .

========================================================================
Received Import Request.
  Time since last request: 0.004071 seconds.
  path: Assets/Resources/background.png
  artifactKey: Guid(f5a67c99ac388ef48a3da60ef2dc6871) Importer(815301076,1909f56bfc062723c751e8b465ee728b)
Start importing Assets/Resources/background.png using Guid(f5a67c99ac388ef48a3da60ef2dc6871) Importer(815301076,1909f56bfc062723c751e8b465ee728b)  -> (artifact id: '871887c8659c835cabc3090496787210') in 0.109999 seconds 
  Import took 0.118555 seconds .

========================================================================
Received Import Request.
  Time since last request: 0.002721 seconds.
  path: Assets/Resources/Player1.jpg
  artifactKey: Guid(3fa291f14b029f84d9d6e27983eaf65b) Importer(815301076,1909f56bfc062723c751e8b465ee728b)
Start importing Assets/Resources/Player1.jpg using Guid(3fa291f14b029f84d9d6e27983eaf65b) Importer(815301076,1909f56bfc062723c751e8b465ee728b)  -> (artifact id: '76b130bb134673c2ae7800d09b5f683d') in 0.105934 seconds 
  Import took 0.109414 seconds .

========================================================================
Received Import Request.
  Time since last request: 0.000048 seconds.
  path: Assets/Resources/Player2.jpg
  artifactKey: Guid(4a72f597c19a3c745bf31742479babea) Importer(815301076,1909f56bfc062723c751e8b465ee728b)
Start importing Assets/Resources/Player2.jpg using Guid(4a72f597c19a3c745bf31742479babea) Importer(815301076,1909f56bfc062723c751e8b465ee728b)  -> (artifact id: 'f9982edfaa7e4d79330957f4d6b88bbe') in 0.240440 seconds 
  Import took 0.255792 seconds .

========================================================================
Received Import Request.
  Time since last request: 0.000232 seconds.
  path: Assets/Resources/Frame.png
  artifactKey: Guid(657bb863b45508f4abf4487275c79ee5) Importer(815301076,1909f56bfc062723c751e8b465ee728b)
Start importing Assets/Resources/Frame.png using Guid(657bb863b45508f4abf4487275c79ee5) Importer(815301076,1909f56bfc062723c751e8b465ee728b)  -> (artifact id: '7bc6f270e6bc61024414bb8fc1ee2c32') in 0.071091 seconds 
  Import took 0.074472 seconds .

========================================================================
Received Import Request.
  Time since last request: 0.000051 seconds.
  path: Assets/Resources/CardBackPNG.png
  artifactKey: Guid(a9fcca9721fc9694c82de10b30c49804) Importer(815301076,1909f56bfc062723c751e8b465ee728b)
Start importing Assets/Resources/CardBackPNG.png using Guid(a9fcca9721fc9694c82de10b30c49804) Importer(815301076,1909f56bfc062723c751e8b465ee728b)  -> (artifact id: '64009c527fca8f088dabf228682431c4') in 0.048285 seconds 
  Import took 0.067518 seconds .

========================================================================
Received Import Request.
  Time since last request: 0.000445 seconds.
  path: Assets/Resources/7.png
  artifactKey: Guid(c69841fe8860abf43a5f5b8dbc8b96ae) Importer(815301076,1909f56bfc062723c751e8b465ee728b)
Start importing Assets/Resources/7.png using Guid(c69841fe8860abf43a5f5b8dbc8b96ae) Importer(815301076,1909f56bfc062723c751e8b465ee728b)  -> (artifact id: '72021a34357a79fb91cc760918faa9cd') in 0.062544 seconds 
  Import took 0.065720 seconds .

========================================================================
Received Import Request.
  Time since last request: 80.199643 seconds.
  path: Assets/Resources/5.jpg
  artifactKey: Guid(90b64c23ada6fae43b628b726c1e9aa8) Importer(815301076,1909f56bfc062723c751e8b465ee728b)
Start importing Assets/Resources/5.jpg using Guid(90b64c23ada6fae43b628b726c1e9aa8) Importer(815301076,1909f56bfc062723c751e8b465ee728b)  -> (artifact id: '8f4e4c5c56b82e86a02e13d8b272f455') in 0.019542 seconds 
  Import took 0.024821 seconds .

========================================================================
Received Import Request.
  Time since last request: 0.000254 seconds.
  path: Assets/Resources/6.png
  artifactKey: Guid(549a853aaf5addf47b9b5017765c2c58) Importer(815301076,1909f56bfc062723c751e8b465ee728b)
Start importing Assets/Resources/6.png using Guid(549a853aaf5addf47b9b5017765c2c58) Importer(815301076,1909f56bfc062723c751e8b465ee728b)  -> (artifact id: 'b748c661e233dca3053debc54b76aa43') in 0.018759 seconds 
  Import took 0.023656 seconds .

========================================================================
Received Import Request.
  Time since last request: 0.000240 seconds.
  path: Assets/Resources/5.jpg
  artifactKey: Guid(90b64c23ada6fae43b628b726c1e9aa8) Importer(815301076,1909f56bfc062723c751e8b465ee728b)
Start importing Assets/Resources/5.jpg using Guid(90b64c23ada6fae43b628b726c1e9aa8) Importer(815301076,1909f56bfc062723c751e8b465ee728b)  -> (artifact id: '8f4e4c5c56b82e86a02e13d8b272f455') in 0.017635 seconds 
  Import took 0.021403 seconds .

========================================================================
Received Import Request.
  Time since last request: 0.000215 seconds.
  path: Assets/Resources/6.png
  artifactKey: Guid(549a853aaf5addf47b9b5017765c2c58) Importer(815301076,1909f56bfc062723c751e8b465ee728b)
Start importing Assets/Resources/6.png using Guid(549a853aaf5addf47b9b5017765c2c58) Importer(815301076,1909f56bfc062723c751e8b465ee728b)  -> (artifact id: 'b748c661e233dca3053debc54b76aa43') in 0.019064 seconds 
  Import took 0.022772 seconds .

========================================================================
Received Import Request.
  Time since last request: 9.091120 seconds.
  path: Assets/Resources/6.png
  artifactKey: Guid(549a853aaf5addf47b9b5017765c2c58) Importer(815301076,1909f56bfc062723c751e8b465ee728b)
Start importing Assets/Resources/6.png using Guid(549a853aaf5addf47b9b5017765c2c58) Importer(815301076,1909f56bfc062723c751e8b465ee728b)  -> (artifact id: '095e1d72ca6a2f9711c031fa4fbddfda') in 0.022803 seconds 
  Import took 0.026093 seconds .

========================================================================
Received Import Request.
  Time since last request: 6.326227 seconds.
  path: Assets/Resources/5.jpg
  artifactKey: Guid(90b64c23ada6fae43b628b726c1e9aa8) Importer(815301076,1909f56bfc062723c751e8b465ee728b)
Start importing Assets/Resources/5.jpg using Guid(90b64c23ada6fae43b628b726c1e9aa8) Importer(815301076,1909f56bfc062723c751e8b465ee728b)  -> (artifact id: 'a40613a95d8a219a32b3fcf539dd64a5') in 0.022871 seconds 
  Import took 0.027462 seconds .

========================================================================
Received Prepare
Registering precompiled user dll's ...
Registered in 0.003518 seconds.
Begin MonoManager ReloadAssembly
Native extension for WindowsStandalone target not found
Refreshing native plugins compatible for Editor in 2.39 ms, found 2 plugins.
Preloading 0 native plugins for Editor in 0.00 ms.
Mono: successfully reloaded assembly
- Completed reload, in  1.614 seconds
Platform modules already initialized, skipping
Refreshing native plugins compatible for Editor in 0.57 ms, found 2 plugins.
Preloading 0 native plugins for Editor in 0.00 ms.
Unloading 1498 Unused Serialized files (Serialized files now loaded: 0)
System memory in use before: 70.8 MB.
System memory in use after: 70.9 MB.

Unloading 26 unused Assets to reduce memory usage. Loaded Objects now: 1948.
Total: 2.078100 ms (FindLiveObjects: 0.171500 ms CreateObjectMapping: 0.081400 ms MarkObjects: 1.793800 ms  DeleteObjects: 0.029900 ms)

AssetImportParameters requested are different than current active one (requested -> active):
  custom:framework-win-MediaFoundation: 216162199b28c13a410421893ffa2e32 -> 
  custom:video-decoder-ogg-theora: a1e56fd34408186e4bbccfd4996cb3dc -> 
  custom:container-muxer-webm: aa71ff27fc2769a1b78a27578f13a17b -> 
  custom:container-demuxer-webm: 4f35f7cbe854078d1ac9338744f61a02 -> 
  custom:container-demuxer-ogg: 62fdf1f143b41e24485cea50d1cbac27 -> 
  custom:video-encoder-webm-vp8: eb34c28f22e8b96e1ab97ce403110664 -> 
  custom:video-decoder-webm-vp8: 9c59270c3fd7afecdb556c50c9e8de78 -> 
  custom:audio-decoder-ogg-vorbis: bf7c407c2cedff20999df2af8eb42d56 -> 
  custom:audio-encoder-webm-vorbis: bf7c407c2cedff20999df2af8eb42d56 -> 
========================================================================
Received Prepare
Registering precompiled user dll's ...
Registered in 0.004875 seconds.
Begin MonoManager ReloadAssembly
Native extension for WindowsStandalone target not found
Refreshing native plugins compatible for Editor in 0.59 ms, found 2 plugins.
Preloading 0 native plugins for Editor in 0.00 ms.
Mono: successfully reloaded assembly
- Completed reload, in  1.341 seconds
Platform modules already initialized, skipping
Refreshing native plugins compatible for Editor in 0.61 ms, found 2 plugins.
Preloading 0 native plugins for Editor in 0.00 ms.
Unloading 1498 Unused Serialized files (Serialized files now loaded: 0)
System memory in use before: 70.9 MB.
System memory in use after: 71.0 MB.

Unloading 26 unused Assets to reduce memory usage. Loaded Objects now: 1951.
Total: 2.168700 ms (FindLiveObjects: 0.156800 ms CreateObjectMapping: 0.063500 ms MarkObjects: 1.912600 ms  DeleteObjects: 0.034100 ms)

AssetImportParameters requested are different than current active one (requested -> active):
  custom:framework-win-MediaFoundation: 216162199b28c13a410421893ffa2e32 -> 
  custom:video-decoder-ogg-theora: a1e56fd34408186e4bbccfd4996cb3dc -> 
  custom:container-muxer-webm: aa71ff27fc2769a1b78a27578f13a17b -> 
  custom:container-demuxer-webm: 4f35f7cbe854078d1ac9338744f61a02 -> 
  custom:container-demuxer-ogg: 62fdf1f143b41e24485cea50d1cbac27 -> 
  custom:video-encoder-webm-vp8: eb34c28f22e8b96e1ab97ce403110664 -> 
  custom:video-decoder-webm-vp8: 9c59270c3fd7afecdb556c50c9e8de78 -> 
  custom:audio-decoder-ogg-vorbis: bf7c407c2cedff20999df2af8eb42d56 -> 
  custom:audio-encoder-webm-vorbis: bf7c407c2cedff20999df2af8eb42d56 -> 
========================================================================
Received Prepare
Registering precompiled user dll's ...
Registered in 0.003639 seconds.
Begin MonoManager ReloadAssembly
Native extension for WindowsStandalone target not found
Refreshing native plugins compatible for Editor in 0.60 ms, found 2 plugins.
Preloading 0 native plugins for Editor in 0.00 ms.
Mono: successfully reloaded assembly
- Completed reload, in  1.393 seconds
Platform modules already initialized, skipping
Refreshing native plugins compatible for Editor in 0.99 ms, found 2 plugins.
Preloading 0 native plugins for Editor in 0.00 ms.
Unloading 1498 Unused Serialized files (Serialized files now loaded: 0)
System memory in use before: 70.9 MB.
System memory in use after: 71.0 MB.

Unloading 26 unused Assets to reduce memory usage. Loaded Objects now: 1954.
Total: 2.306700 ms (FindLiveObjects: 0.171100 ms CreateObjectMapping: 0.065800 ms MarkObjects: 2.039300 ms  DeleteObjects: 0.028700 ms)

AssetImportParameters requested are different than current active one (requested -> active):
  custom:framework-win-MediaFoundation: 216162199b28c13a410421893ffa2e32 -> 
  custom:video-decoder-ogg-theora: a1e56fd34408186e4bbccfd4996cb3dc -> 
  custom:container-muxer-webm: aa71ff27fc2769a1b78a27578f13a17b -> 
  custom:container-demuxer-webm: 4f35f7cbe854078d1ac9338744f61a02 -> 
  custom:container-demuxer-ogg: 62fdf1f143b41e24485cea50d1cbac27 -> 
  custom:video-encoder-webm-vp8: eb34c28f22e8b96e1ab97ce403110664 -> 
  custom:video-decoder-webm-vp8: 9c59270c3fd7afecdb556c50c9e8de78 -> 
  custom:audio-decoder-ogg-vorbis: bf7c407c2cedff20999df2af8eb42d56 -> 
  custom:audio-encoder-webm-vorbis: bf7c407c2cedff20999df2af8eb42d56 -> 
========================================================================
Received Prepare
Registering precompiled user dll's ...
Registered in 0.003507 seconds.
Begin MonoManager ReloadAssembly
Native extension for WindowsStandalone target not found
Refreshing native plugins compatible for Editor in 0.73 ms, found 2 plugins.
Preloading 0 native plugins for Editor in 0.00 ms.
Mono: successfully reloaded assembly
- Completed reload, in  1.275 seconds
Platform modules already initialized, skipping
Refreshing native plugins compatible for Editor in 0.58 ms, found 2 plugins.
Preloading 0 native plugins for Editor in 0.00 ms.
Unloading 1498 Unused Serialized files (Serialized files now loaded: 0)
System memory in use before: 70.9 MB.
System memory in use after: 71.0 MB.

Unloading 26 unused Assets to reduce memory usage. Loaded Objects now: 1957.
Total: 2.903700 ms (FindLiveObjects: 0.157900 ms CreateObjectMapping: 0.062400 ms MarkObjects: 2.649100 ms  DeleteObjects: 0.032100 ms)

AssetImportParameters requested are different than current active one (requested -> active):
  custom:framework-win-MediaFoundation: 216162199b28c13a410421893ffa2e32 -> 
  custom:video-decoder-ogg-theora: a1e56fd34408186e4bbccfd4996cb3dc -> 
  custom:container-muxer-webm: aa71ff27fc2769a1b78a27578f13a17b -> 
  custom:container-demuxer-webm: 4f35f7cbe854078d1ac9338744f61a02 -> 
  custom:container-demuxer-ogg: 62fdf1f143b41e24485cea50d1cbac27 -> 
  custom:video-encoder-webm-vp8: eb34c28f22e8b96e1ab97ce403110664 -> 
  custom:video-decoder-webm-vp8: 9c59270c3fd7afecdb556c50c9e8de78 -> 
  custom:audio-decoder-ogg-vorbis: bf7c407c2cedff20999df2af8eb42d56 -> 
  custom:audio-encoder-webm-vorbis: bf7c407c2cedff20999df2af8eb42d56 -> 
AssetImportWorkerClient::OnTransportError - code=2 error=End of file
